mode: set
ApiGatewayAdminPortal/services/apiGatewayRouteUrlService.go:57.85,62.16 4 1
ApiGatewayAdminPortal/services/apiGatewayRouteUrlService.go:94.2,94.12 1 1
ApiGatewayAdminPortal/services/apiGatewayRouteUrlService.go:62.16,64.3 1 0
ApiGatewayAdminPortal/services/apiGatewayRouteUrlService.go:64.3,66.18 2 1
ApiGatewayAdminPortal/services/apiGatewayRouteUrlService.go:66.18,69.4 2 0
ApiGatewayAdminPortal/services/apiGatewayRouteUrlService.go:69.4,78.19 7 1
ApiGatewayAdminPortal/services/apiGatewayRouteUrlService.go:78.19,81.5 2 0
ApiGatewayAdminPortal/services/apiGatewayRouteUrlService.go:81.5,87.21 4 1
ApiGatewayAdminPortal/services/apiGatewayRouteUrlService.go:90.5,90.31 1 1
ApiGatewayAdminPortal/services/apiGatewayRouteUrlService.go:87.21,89.6 1 1
ApiGatewayAdminPortal/services/apiGatewayRouteUrlService.go:98.88,104.16 4 1
ApiGatewayAdminPortal/services/apiGatewayRouteUrlService.go:134.2,134.12 1 1
ApiGatewayAdminPortal/services/apiGatewayRouteUrlService.go:104.16,106.3 1 0
ApiGatewayAdminPortal/services/apiGatewayRouteUrlService.go:106.3,108.18 2 1
ApiGatewayAdminPortal/services/apiGatewayRouteUrlService.go:108.18,111.4 2 0
ApiGatewayAdminPortal/services/apiGatewayRouteUrlService.go:111.4,120.19 7 1
ApiGatewayAdminPortal/services/apiGatewayRouteUrlService.go:120.19,123.5 2 0
ApiGatewayAdminPortal/services/apiGatewayRouteUrlService.go:123.5,127.21 4 1
ApiGatewayAdminPortal/services/apiGatewayRouteUrlService.go:130.5,130.31 1 1
ApiGatewayAdminPortal/services/apiGatewayRouteUrlService.go:127.21,129.6 1 1
ApiGatewayAdminPortal/services/apiGatewayRouteUrlService.go:138.90,144.16 4 1
ApiGatewayAdminPortal/services/apiGatewayRouteUrlService.go:174.2,174.12 1 1
ApiGatewayAdminPortal/services/apiGatewayRouteUrlService.go:144.16,146.3 1 0
ApiGatewayAdminPortal/services/apiGatewayRouteUrlService.go:146.3,148.18 2 1
ApiGatewayAdminPortal/services/apiGatewayRouteUrlService.go:148.18,151.4 2 0
ApiGatewayAdminPortal/services/apiGatewayRouteUrlService.go:151.4,160.19 7 1
ApiGatewayAdminPortal/services/apiGatewayRouteUrlService.go:160.19,163.5 2 0
ApiGatewayAdminPortal/services/apiGatewayRouteUrlService.go:163.5,167.21 4 1
ApiGatewayAdminPortal/services/apiGatewayRouteUrlService.go:170.5,170.31 1 1
ApiGatewayAdminPortal/services/apiGatewayRouteUrlService.go:167.21,169.6 1 1
ApiGatewayAdminPortal/services/apiGatewayRouteUrlService.go:178.107,183.17 4 1
ApiGatewayAdminPortal/services/apiGatewayRouteUrlService.go:204.2,204.12 1 1
ApiGatewayAdminPortal/services/apiGatewayRouteUrlService.go:183.17,186.3 2 0
ApiGatewayAdminPortal/services/apiGatewayRouteUrlService.go:186.3,192.18 6 1
ApiGatewayAdminPortal/services/apiGatewayRouteUrlService.go:192.18,195.4 2 0
ApiGatewayAdminPortal/services/apiGatewayRouteUrlService.go:195.4,199.20 4 1
ApiGatewayAdminPortal/services/apiGatewayRouteUrlService.go:199.20,201.5 1 1
ApiGatewayAdminPortal/services/apiGatewayRouteUrlService.go:208.102,213.17 4 1
ApiGatewayAdminPortal/services/apiGatewayRouteUrlService.go:234.2,234.13 1 1
ApiGatewayAdminPortal/services/apiGatewayRouteUrlService.go:213.17,216.3 2 0
ApiGatewayAdminPortal/services/apiGatewayRouteUrlService.go:216.3,222.18 6 1
ApiGatewayAdminPortal/services/apiGatewayRouteUrlService.go:222.18,225.4 2 0
ApiGatewayAdminPortal/services/apiGatewayRouteUrlService.go:225.4,229.20 4 1
ApiGatewayAdminPortal/services/apiGatewayRouteUrlService.go:229.20,231.5 1 1
ApiGatewayAdminPortal/services/apiGatewayRouteUrlService.go:238.110,243.17 4 1
ApiGatewayAdminPortal/services/apiGatewayRouteUrlService.go:267.2,267.12 1 1
ApiGatewayAdminPortal/services/apiGatewayRouteUrlService.go:243.17,246.3 2 0
ApiGatewayAdminPortal/services/apiGatewayRouteUrlService.go:246.3,254.18 6 1
ApiGatewayAdminPortal/services/apiGatewayRouteUrlService.go:254.18,257.4 2 0
ApiGatewayAdminPortal/services/apiGatewayRouteUrlService.go:257.4,261.20 4 1
ApiGatewayAdminPortal/services/apiGatewayRouteUrlService.go:264.4,264.30 1 1
ApiGatewayAdminPortal/services/apiGatewayRouteUrlService.go:261.20,263.5 1 1
ApiGatewayAdminPortal/services/oauth2ClientRoleService.go:61.79,66.16 4 1
ApiGatewayAdminPortal/services/oauth2ClientRoleService.go:98.2,98.12 1 1
ApiGatewayAdminPortal/services/oauth2ClientRoleService.go:66.16,68.3 1 0
ApiGatewayAdminPortal/services/oauth2ClientRoleService.go:68.3,70.18 2 1
ApiGatewayAdminPortal/services/oauth2ClientRoleService.go:70.18,73.4 2 0
ApiGatewayAdminPortal/services/oauth2ClientRoleService.go:73.4,82.19 7 1
ApiGatewayAdminPortal/services/oauth2ClientRoleService.go:82.19,85.5 2 0
ApiGatewayAdminPortal/services/oauth2ClientRoleService.go:85.5,91.21 6 1
ApiGatewayAdminPortal/services/oauth2ClientRoleService.go:94.5,94.31 1 1
ApiGatewayAdminPortal/services/oauth2ClientRoleService.go:91.21,93.6 1 1
ApiGatewayAdminPortal/services/oauth2ClientRoleService.go:102.78,107.17 4 1
ApiGatewayAdminPortal/services/oauth2ClientRoleService.go:128.2,128.13 1 1
ApiGatewayAdminPortal/services/oauth2ClientRoleService.go:107.17,110.3 2 0
ApiGatewayAdminPortal/services/oauth2ClientRoleService.go:110.3,116.18 6 1
ApiGatewayAdminPortal/services/oauth2ClientRoleService.go:116.18,119.4 2 0
ApiGatewayAdminPortal/services/oauth2ClientRoleService.go:119.4,123.20 4 1
ApiGatewayAdminPortal/services/oauth2ClientRoleService.go:123.20,125.5 1 1
ApiGatewayAdminPortal/services/oauth2ClientRoleService.go:132.77,137.17 4 1
ApiGatewayAdminPortal/services/oauth2ClientRoleService.go:162.2,162.12 1 1
ApiGatewayAdminPortal/services/oauth2ClientRoleService.go:137.17,140.3 2 0
ApiGatewayAdminPortal/services/oauth2ClientRoleService.go:140.3,149.18 7 1
ApiGatewayAdminPortal/services/oauth2ClientRoleService.go:149.18,152.4 2 0
ApiGatewayAdminPortal/services/oauth2ClientRoleService.go:152.4,156.20 4 1
ApiGatewayAdminPortal/services/oauth2ClientRoleService.go:159.4,159.30 1 1
ApiGatewayAdminPortal/services/oauth2ClientRoleService.go:156.20,158.5 1 1
ApiGatewayAdminPortal/services/userService.go:71.35,73.2 1 0
ApiGatewayAdminPortal/services/userService.go:83.36,85.2 1 0
ApiGatewayAdminPortal/services/userService.go:98.37,100.2 1 0
ApiGatewayAdminPortal/services/userService.go:116.57,121.16 4 1
ApiGatewayAdminPortal/services/userService.go:153.2,153.12 1 1
ApiGatewayAdminPortal/services/userService.go:121.16,123.3 1 0
ApiGatewayAdminPortal/services/userService.go:123.3,125.18 2 1
ApiGatewayAdminPortal/services/userService.go:125.18,128.4 2 0
ApiGatewayAdminPortal/services/userService.go:128.4,137.19 7 1
ApiGatewayAdminPortal/services/userService.go:137.19,140.5 2 0
ApiGatewayAdminPortal/services/userService.go:140.5,146.21 4 1
ApiGatewayAdminPortal/services/userService.go:149.5,149.31 1 1
ApiGatewayAdminPortal/services/userService.go:146.21,148.6 1 1
ApiGatewayAdminPortal/services/userService.go:157.65,163.16 4 1
ApiGatewayAdminPortal/services/userService.go:193.2,193.12 1 1
ApiGatewayAdminPortal/services/userService.go:163.16,165.3 1 0
ApiGatewayAdminPortal/services/userService.go:165.3,167.18 2 1
ApiGatewayAdminPortal/services/userService.go:167.18,170.4 2 0
ApiGatewayAdminPortal/services/userService.go:170.4,179.19 7 1
ApiGatewayAdminPortal/services/userService.go:179.19,182.5 2 0
ApiGatewayAdminPortal/services/userService.go:182.5,186.21 4 1
ApiGatewayAdminPortal/services/userService.go:189.5,189.31 1 1
ApiGatewayAdminPortal/services/userService.go:186.21,188.6 1 1
ApiGatewayAdminPortal/services/userService.go:197.71,202.17 4 1
ApiGatewayAdminPortal/services/userService.go:223.2,223.12 1 1
ApiGatewayAdminPortal/services/userService.go:202.17,205.3 2 0
ApiGatewayAdminPortal/services/userService.go:205.3,211.18 6 1
ApiGatewayAdminPortal/services/userService.go:211.18,214.4 2 0
ApiGatewayAdminPortal/services/userService.go:214.4,218.20 4 1
ApiGatewayAdminPortal/services/userService.go:218.20,220.5 1 1
ApiGatewayAdminPortal/services/userService.go:227.45,232.17 4 1
ApiGatewayAdminPortal/services/userService.go:253.2,253.13 1 1
ApiGatewayAdminPortal/services/userService.go:232.17,235.3 2 0
ApiGatewayAdminPortal/services/userService.go:235.3,241.18 6 1
ApiGatewayAdminPortal/services/userService.go:241.18,244.4 2 0
ApiGatewayAdminPortal/services/userService.go:244.4,248.20 4 1
ApiGatewayAdminPortal/services/userService.go:248.20,250.5 1 1
ApiGatewayAdminPortal/services/userService.go:257.63,262.17 5 1
ApiGatewayAdminPortal/services/userService.go:285.2,285.13 1 1
ApiGatewayAdminPortal/services/userService.go:262.17,265.3 2 0
ApiGatewayAdminPortal/services/userService.go:265.3,273.18 8 1
ApiGatewayAdminPortal/services/userService.go:273.18,276.4 2 0
ApiGatewayAdminPortal/services/userService.go:276.4,280.20 4 1
ApiGatewayAdminPortal/services/userService.go:280.20,282.5 1 1
ApiGatewayAdminPortal/services/userService.go:289.82,294.17 4 1
ApiGatewayAdminPortal/services/userService.go:319.2,319.12 1 1
ApiGatewayAdminPortal/services/userService.go:294.17,297.3 2 0
ApiGatewayAdminPortal/services/userService.go:297.3,306.18 7 1
ApiGatewayAdminPortal/services/userService.go:306.18,309.4 2 0
ApiGatewayAdminPortal/services/userService.go:309.4,313.20 4 1
ApiGatewayAdminPortal/services/userService.go:316.4,316.30 1 1
ApiGatewayAdminPortal/services/userService.go:313.20,315.5 1 1
ApiGatewayAdminPortal/services/userService.go:323.45,328.17 4 1
ApiGatewayAdminPortal/services/userService.go:349.2,349.13 1 1
ApiGatewayAdminPortal/services/userService.go:328.17,331.3 2 0
ApiGatewayAdminPortal/services/userService.go:331.3,337.18 6 1
ApiGatewayAdminPortal/services/userService.go:337.18,340.4 2 0
ApiGatewayAdminPortal/services/userService.go:340.4,344.20 4 1
ApiGatewayAdminPortal/services/userService.go:344.20,346.5 1 1
ApiGatewayAdminPortal/services/apiGatewayBreakerService.go:71.84,76.16 4 1
ApiGatewayAdminPortal/services/apiGatewayBreakerService.go:108.2,108.12 1 1
ApiGatewayAdminPortal/services/apiGatewayBreakerService.go:76.16,78.3 1 0
ApiGatewayAdminPortal/services/apiGatewayBreakerService.go:78.3,80.18 2 1
ApiGatewayAdminPortal/services/apiGatewayBreakerService.go:80.18,83.4 2 0
ApiGatewayAdminPortal/services/apiGatewayBreakerService.go:83.4,92.19 7 1
ApiGatewayAdminPortal/services/apiGatewayBreakerService.go:92.19,95.5 2 0
ApiGatewayAdminPortal/services/apiGatewayBreakerService.go:95.5,101.21 4 1
ApiGatewayAdminPortal/services/apiGatewayBreakerService.go:104.5,104.31 1 1
ApiGatewayAdminPortal/services/apiGatewayBreakerService.go:101.21,103.6 1 1
ApiGatewayAdminPortal/services/apiGatewayBreakerService.go:112.84,118.16 4 1
ApiGatewayAdminPortal/services/apiGatewayBreakerService.go:148.2,148.12 1 1
ApiGatewayAdminPortal/services/apiGatewayBreakerService.go:118.16,120.3 1 0
ApiGatewayAdminPortal/services/apiGatewayBreakerService.go:120.3,122.18 2 1
ApiGatewayAdminPortal/services/apiGatewayBreakerService.go:122.18,125.4 2 0
ApiGatewayAdminPortal/services/apiGatewayBreakerService.go:125.4,134.19 7 1
ApiGatewayAdminPortal/services/apiGatewayBreakerService.go:134.19,137.5 2 0
ApiGatewayAdminPortal/services/apiGatewayBreakerService.go:137.5,141.21 4 1
ApiGatewayAdminPortal/services/apiGatewayBreakerService.go:144.5,144.31 1 1
ApiGatewayAdminPortal/services/apiGatewayBreakerService.go:141.21,143.6 1 1
ApiGatewayAdminPortal/services/apiGatewayBreakerService.go:152.83,158.16 4 1
ApiGatewayAdminPortal/services/apiGatewayBreakerService.go:188.2,188.12 1 1
ApiGatewayAdminPortal/services/apiGatewayBreakerService.go:158.16,160.3 1 0
ApiGatewayAdminPortal/services/apiGatewayBreakerService.go:160.3,162.18 2 1
ApiGatewayAdminPortal/services/apiGatewayBreakerService.go:162.18,165.4 2 0
ApiGatewayAdminPortal/services/apiGatewayBreakerService.go:165.4,174.19 7 1
ApiGatewayAdminPortal/services/apiGatewayBreakerService.go:174.19,177.5 2 0
ApiGatewayAdminPortal/services/apiGatewayBreakerService.go:177.5,181.21 4 1
ApiGatewayAdminPortal/services/apiGatewayBreakerService.go:184.5,184.31 1 1
ApiGatewayAdminPortal/services/apiGatewayBreakerService.go:181.21,183.6 1 1
ApiGatewayAdminPortal/services/apiGatewayBreakerService.go:192.107,197.17 4 1
ApiGatewayAdminPortal/services/apiGatewayBreakerService.go:218.2,218.12 1 1
ApiGatewayAdminPortal/services/apiGatewayBreakerService.go:197.17,200.3 2 0
ApiGatewayAdminPortal/services/apiGatewayBreakerService.go:200.3,206.18 6 1
ApiGatewayAdminPortal/services/apiGatewayBreakerService.go:206.18,209.4 2 0
ApiGatewayAdminPortal/services/apiGatewayBreakerService.go:209.4,213.20 4 1
ApiGatewayAdminPortal/services/apiGatewayBreakerService.go:213.20,215.5 1 1
ApiGatewayAdminPortal/services/apiGatewayBreakerService.go:222.94,227.17 4 1
ApiGatewayAdminPortal/services/apiGatewayBreakerService.go:248.2,248.12 1 1
ApiGatewayAdminPortal/services/apiGatewayBreakerService.go:227.17,230.3 2 0
ApiGatewayAdminPortal/services/apiGatewayBreakerService.go:230.3,236.18 6 1
ApiGatewayAdminPortal/services/apiGatewayBreakerService.go:236.18,239.4 2 0
ApiGatewayAdminPortal/services/apiGatewayBreakerService.go:239.4,243.20 4 1
ApiGatewayAdminPortal/services/apiGatewayBreakerService.go:243.20,245.5 1 1
ApiGatewayAdminPortal/services/apiGatewayBreakerService.go:282.111,287.17 4 1
ApiGatewayAdminPortal/services/apiGatewayBreakerService.go:311.2,311.12 1 1
ApiGatewayAdminPortal/services/apiGatewayBreakerService.go:287.17,290.3 2 0
ApiGatewayAdminPortal/services/apiGatewayBreakerService.go:290.3,298.18 6 1
ApiGatewayAdminPortal/services/apiGatewayBreakerService.go:298.18,301.4 2 0
ApiGatewayAdminPortal/services/apiGatewayBreakerService.go:301.4,305.20 4 1
ApiGatewayAdminPortal/services/apiGatewayBreakerService.go:308.4,308.30 1 1
ApiGatewayAdminPortal/services/apiGatewayBreakerService.go:305.20,307.5 1 1
ApiGatewayAdminPortal/services/apiGatewayErrorsService.go:59.81,64.16 4 1
ApiGatewayAdminPortal/services/apiGatewayErrorsService.go:95.2,95.13 1 1
ApiGatewayAdminPortal/services/apiGatewayErrorsService.go:64.16,66.3 1 0
ApiGatewayAdminPortal/services/apiGatewayErrorsService.go:66.3,68.18 2 1
ApiGatewayAdminPortal/services/apiGatewayErrorsService.go:68.18,71.4 2 0
ApiGatewayAdminPortal/services/apiGatewayErrorsService.go:71.4,80.19 7 1
ApiGatewayAdminPortal/services/apiGatewayErrorsService.go:80.19,83.5 2 0
ApiGatewayAdminPortal/services/apiGatewayErrorsService.go:83.5,89.21 4 1
ApiGatewayAdminPortal/services/apiGatewayErrorsService.go:89.21,91.6 1 1
ApiGatewayAdminPortal/services/apiGatewayRouteService.go:54.78,59.16 4 1
ApiGatewayAdminPortal/services/apiGatewayRouteService.go:91.2,91.12 1 1
ApiGatewayAdminPortal/services/apiGatewayRouteService.go:59.16,61.3 1 0
ApiGatewayAdminPortal/services/apiGatewayRouteService.go:61.3,63.18 2 1
ApiGatewayAdminPortal/services/apiGatewayRouteService.go:63.18,66.4 2 0
ApiGatewayAdminPortal/services/apiGatewayRouteService.go:66.4,75.19 7 1
ApiGatewayAdminPortal/services/apiGatewayRouteService.go:75.19,78.5 2 0
ApiGatewayAdminPortal/services/apiGatewayRouteService.go:78.5,84.21 4 1
ApiGatewayAdminPortal/services/apiGatewayRouteService.go:87.5,87.31 1 1
ApiGatewayAdminPortal/services/apiGatewayRouteService.go:84.21,86.6 1 1
ApiGatewayAdminPortal/services/apiGatewayRouteService.go:95.81,101.16 4 1
ApiGatewayAdminPortal/services/apiGatewayRouteService.go:131.2,131.12 1 1
ApiGatewayAdminPortal/services/apiGatewayRouteService.go:101.16,103.3 1 0
ApiGatewayAdminPortal/services/apiGatewayRouteService.go:103.3,105.18 2 1
ApiGatewayAdminPortal/services/apiGatewayRouteService.go:105.18,108.4 2 0
ApiGatewayAdminPortal/services/apiGatewayRouteService.go:108.4,117.19 7 1
ApiGatewayAdminPortal/services/apiGatewayRouteService.go:117.19,120.5 2 0
ApiGatewayAdminPortal/services/apiGatewayRouteService.go:120.5,124.21 4 1
ApiGatewayAdminPortal/services/apiGatewayRouteService.go:127.5,127.31 1 1
ApiGatewayAdminPortal/services/apiGatewayRouteService.go:124.21,126.6 1 1
ApiGatewayAdminPortal/services/apiGatewayRouteService.go:135.87,140.17 4 1
ApiGatewayAdminPortal/services/apiGatewayRouteService.go:161.2,161.12 1 1
ApiGatewayAdminPortal/services/apiGatewayRouteService.go:140.17,143.3 2 0
ApiGatewayAdminPortal/services/apiGatewayRouteService.go:143.3,149.18 6 1
ApiGatewayAdminPortal/services/apiGatewayRouteService.go:149.18,152.4 2 0
ApiGatewayAdminPortal/services/apiGatewayRouteService.go:152.4,156.20 4 1
ApiGatewayAdminPortal/services/apiGatewayRouteService.go:156.20,158.5 1 1
ApiGatewayAdminPortal/services/apiGatewayRouteService.go:165.77,170.17 4 1
ApiGatewayAdminPortal/services/apiGatewayRouteService.go:191.2,191.13 1 1
ApiGatewayAdminPortal/services/apiGatewayRouteService.go:170.17,173.3 2 0
ApiGatewayAdminPortal/services/apiGatewayRouteService.go:173.3,179.18 6 1
ApiGatewayAdminPortal/services/apiGatewayRouteService.go:179.18,182.4 2 0
ApiGatewayAdminPortal/services/apiGatewayRouteService.go:182.4,186.20 4 1
ApiGatewayAdminPortal/services/apiGatewayRouteService.go:186.20,188.5 1 1
ApiGatewayAdminPortal/services/apiGatewayRouteService.go:195.93,200.17 4 1
ApiGatewayAdminPortal/services/apiGatewayRouteService.go:224.2,224.12 1 1
ApiGatewayAdminPortal/services/apiGatewayRouteService.go:200.17,203.3 2 0
ApiGatewayAdminPortal/services/apiGatewayRouteService.go:203.3,211.18 6 1
ApiGatewayAdminPortal/services/apiGatewayRouteService.go:211.18,214.4 2 0
ApiGatewayAdminPortal/services/apiGatewayRouteService.go:214.4,218.20 4 1
ApiGatewayAdminPortal/services/apiGatewayRouteService.go:221.4,221.30 1 1
ApiGatewayAdminPortal/services/apiGatewayRouteService.go:218.20,220.5 1 1
ApiGatewayAdminPortal/services/oauth2AllowedUriService.go:61.79,66.16 4 1
ApiGatewayAdminPortal/services/oauth2AllowedUriService.go:98.2,98.12 1 1
ApiGatewayAdminPortal/services/oauth2AllowedUriService.go:66.16,68.3 1 0
ApiGatewayAdminPortal/services/oauth2AllowedUriService.go:68.3,70.18 2 1
ApiGatewayAdminPortal/services/oauth2AllowedUriService.go:70.18,73.4 2 0
ApiGatewayAdminPortal/services/oauth2AllowedUriService.go:73.4,82.19 7 1
ApiGatewayAdminPortal/services/oauth2AllowedUriService.go:82.19,85.5 2 0
ApiGatewayAdminPortal/services/oauth2AllowedUriService.go:85.5,91.21 4 1
ApiGatewayAdminPortal/services/oauth2AllowedUriService.go:94.5,94.31 1 1
ApiGatewayAdminPortal/services/oauth2AllowedUriService.go:91.21,93.6 1 1
ApiGatewayAdminPortal/services/oauth2AllowedUriService.go:102.82,108.16 4 1
ApiGatewayAdminPortal/services/oauth2AllowedUriService.go:138.2,138.12 1 1
ApiGatewayAdminPortal/services/oauth2AllowedUriService.go:108.16,110.3 1 0
ApiGatewayAdminPortal/services/oauth2AllowedUriService.go:110.3,112.18 2 1
ApiGatewayAdminPortal/services/oauth2AllowedUriService.go:112.18,115.4 2 0
ApiGatewayAdminPortal/services/oauth2AllowedUriService.go:115.4,124.19 7 1
ApiGatewayAdminPortal/services/oauth2AllowedUriService.go:124.19,127.5 2 0
ApiGatewayAdminPortal/services/oauth2AllowedUriService.go:127.5,131.21 4 1
ApiGatewayAdminPortal/services/oauth2AllowedUriService.go:134.5,134.31 1 1
ApiGatewayAdminPortal/services/oauth2AllowedUriService.go:131.21,133.6 1 1
ApiGatewayAdminPortal/services/oauth2AllowedUriService.go:142.66,147.17 4 1
ApiGatewayAdminPortal/services/oauth2AllowedUriService.go:168.2,168.12 1 1
ApiGatewayAdminPortal/services/oauth2AllowedUriService.go:147.17,150.3 2 0
ApiGatewayAdminPortal/services/oauth2AllowedUriService.go:150.3,156.18 6 1
ApiGatewayAdminPortal/services/oauth2AllowedUriService.go:156.18,159.4 2 0
ApiGatewayAdminPortal/services/oauth2AllowedUriService.go:159.4,163.20 4 1
ApiGatewayAdminPortal/services/oauth2AllowedUriService.go:163.20,165.5 1 1
ApiGatewayAdminPortal/services/oauth2AllowedUriService.go:172.78,177.17 4 1
ApiGatewayAdminPortal/services/oauth2AllowedUriService.go:198.2,198.13 1 1
ApiGatewayAdminPortal/services/oauth2AllowedUriService.go:177.17,180.3 2 0
ApiGatewayAdminPortal/services/oauth2AllowedUriService.go:180.3,186.18 6 1
ApiGatewayAdminPortal/services/oauth2AllowedUriService.go:186.18,189.4 2 0
ApiGatewayAdminPortal/services/oauth2AllowedUriService.go:189.4,193.20 4 1
ApiGatewayAdminPortal/services/oauth2AllowedUriService.go:193.20,195.5 1 1
ApiGatewayAdminPortal/services/oauth2AllowedUriService.go:202.77,207.17 4 1
ApiGatewayAdminPortal/services/oauth2AllowedUriService.go:232.2,232.12 1 1
ApiGatewayAdminPortal/services/oauth2AllowedUriService.go:207.17,210.3 2 0
ApiGatewayAdminPortal/services/oauth2AllowedUriService.go:210.3,219.18 7 1
ApiGatewayAdminPortal/services/oauth2AllowedUriService.go:219.18,222.4 2 0
ApiGatewayAdminPortal/services/oauth2AllowedUriService.go:222.4,226.20 4 1
ApiGatewayAdminPortal/services/oauth2AllowedUriService.go:229.4,229.30 1 1
ApiGatewayAdminPortal/services/oauth2AllowedUriService.go:226.20,228.5 1 1
ApiGatewayAdminPortal/services/oauth2ClientService.go:66.67,71.16 4 1
ApiGatewayAdminPortal/services/oauth2ClientService.go:103.2,103.12 1 1
ApiGatewayAdminPortal/services/oauth2ClientService.go:71.16,73.3 1 0
ApiGatewayAdminPortal/services/oauth2ClientService.go:73.3,75.18 2 1
ApiGatewayAdminPortal/services/oauth2ClientService.go:75.18,78.4 2 0
ApiGatewayAdminPortal/services/oauth2ClientService.go:78.4,87.19 7 1
ApiGatewayAdminPortal/services/oauth2ClientService.go:87.19,90.5 2 0
ApiGatewayAdminPortal/services/oauth2ClientService.go:90.5,96.21 4 1
ApiGatewayAdminPortal/services/oauth2ClientService.go:99.5,99.31 1 1
ApiGatewayAdminPortal/services/oauth2ClientService.go:96.21,98.6 1 1
ApiGatewayAdminPortal/services/oauth2ClientService.go:107.70,113.16 4 1
ApiGatewayAdminPortal/services/oauth2ClientService.go:143.2,143.12 1 1
ApiGatewayAdminPortal/services/oauth2ClientService.go:113.16,115.3 1 0
ApiGatewayAdminPortal/services/oauth2ClientService.go:115.3,117.18 2 1
ApiGatewayAdminPortal/services/oauth2ClientService.go:117.18,120.4 2 0
ApiGatewayAdminPortal/services/oauth2ClientService.go:120.4,129.19 7 1
ApiGatewayAdminPortal/services/oauth2ClientService.go:129.19,132.5 2 0
ApiGatewayAdminPortal/services/oauth2ClientService.go:132.5,136.21 4 1
ApiGatewayAdminPortal/services/oauth2ClientService.go:139.5,139.31 1 1
ApiGatewayAdminPortal/services/oauth2ClientService.go:136.21,138.6 1 1
ApiGatewayAdminPortal/services/oauth2ClientService.go:147.60,152.17 4 1
ApiGatewayAdminPortal/services/oauth2ClientService.go:173.2,173.12 1 1
ApiGatewayAdminPortal/services/oauth2ClientService.go:152.17,155.3 2 0
ApiGatewayAdminPortal/services/oauth2ClientService.go:155.3,161.18 6 1
ApiGatewayAdminPortal/services/oauth2ClientService.go:161.18,164.4 2 0
ApiGatewayAdminPortal/services/oauth2ClientService.go:164.4,168.20 4 1
ApiGatewayAdminPortal/services/oauth2ClientService.go:168.20,170.5 1 1
ApiGatewayAdminPortal/services/oauth2ClientService.go:177.51,182.17 4 1
ApiGatewayAdminPortal/services/oauth2ClientService.go:203.2,203.13 1 1
ApiGatewayAdminPortal/services/oauth2ClientService.go:182.17,185.3 2 0
ApiGatewayAdminPortal/services/oauth2ClientService.go:185.3,191.18 6 1
ApiGatewayAdminPortal/services/oauth2ClientService.go:191.18,194.4 2 0
ApiGatewayAdminPortal/services/oauth2ClientService.go:194.4,198.20 4 1
ApiGatewayAdminPortal/services/oauth2ClientService.go:198.20,200.5 1 1
ApiGatewayAdminPortal/services/oauth2ClientService.go:207.64,212.16 4 1
ApiGatewayAdminPortal/services/oauth2ClientService.go:244.2,244.13 1 1
ApiGatewayAdminPortal/services/oauth2ClientService.go:212.16,214.3 1 0
ApiGatewayAdminPortal/services/oauth2ClientService.go:214.3,216.18 2 1
ApiGatewayAdminPortal/services/oauth2ClientService.go:216.18,219.4 2 0
ApiGatewayAdminPortal/services/oauth2ClientService.go:219.4,228.19 7 1
ApiGatewayAdminPortal/services/oauth2ClientService.go:228.19,231.5 2 0
ApiGatewayAdminPortal/services/oauth2ClientService.go:231.5,237.21 4 1
ApiGatewayAdminPortal/services/oauth2ClientService.go:237.21,239.6 1 1
ApiGatewayAdminPortal/services/oauth2ClientService.go:248.65,253.17 4 1
ApiGatewayAdminPortal/services/oauth2ClientService.go:278.2,278.12 1 1
ApiGatewayAdminPortal/services/oauth2ClientService.go:253.17,256.3 2 0
ApiGatewayAdminPortal/services/oauth2ClientService.go:256.3,265.18 7 1
ApiGatewayAdminPortal/services/oauth2ClientService.go:265.18,268.4 2 0
ApiGatewayAdminPortal/services/oauth2ClientService.go:268.4,272.20 4 1
ApiGatewayAdminPortal/services/oauth2ClientService.go:275.4,275.30 1 1
ApiGatewayAdminPortal/services/oauth2ClientService.go:272.20,274.5 1 1
ApiGatewayAdminPortal/services/oauth2RedirectUriService.go:61.83,66.16 4 1
ApiGatewayAdminPortal/services/oauth2RedirectUriService.go:98.2,98.12 1 1
ApiGatewayAdminPortal/services/oauth2RedirectUriService.go:66.16,68.3 1 0
ApiGatewayAdminPortal/services/oauth2RedirectUriService.go:68.3,70.18 2 1
ApiGatewayAdminPortal/services/oauth2RedirectUriService.go:70.18,73.4 2 0
ApiGatewayAdminPortal/services/oauth2RedirectUriService.go:73.4,82.19 7 1
ApiGatewayAdminPortal/services/oauth2RedirectUriService.go:82.19,85.5 2 0
ApiGatewayAdminPortal/services/oauth2RedirectUriService.go:85.5,91.21 4 1
ApiGatewayAdminPortal/services/oauth2RedirectUriService.go:94.5,94.31 1 1
ApiGatewayAdminPortal/services/oauth2RedirectUriService.go:91.21,93.6 1 1
ApiGatewayAdminPortal/services/oauth2RedirectUriService.go:102.81,107.17 4 1
ApiGatewayAdminPortal/services/oauth2RedirectUriService.go:128.2,128.13 1 1
ApiGatewayAdminPortal/services/oauth2RedirectUriService.go:107.17,110.3 2 0
ApiGatewayAdminPortal/services/oauth2RedirectUriService.go:110.3,116.18 6 1
ApiGatewayAdminPortal/services/oauth2RedirectUriService.go:116.18,119.4 2 0
ApiGatewayAdminPortal/services/oauth2RedirectUriService.go:119.4,123.20 4 1
ApiGatewayAdminPortal/services/oauth2RedirectUriService.go:123.20,125.5 1 1
ApiGatewayAdminPortal/services/oauth2RedirectUriService.go:132.80,137.17 4 1
ApiGatewayAdminPortal/services/oauth2RedirectUriService.go:162.2,162.12 1 1
ApiGatewayAdminPortal/services/oauth2RedirectUriService.go:137.17,140.3 2 0
ApiGatewayAdminPortal/services/oauth2RedirectUriService.go:140.3,149.18 7 1
ApiGatewayAdminPortal/services/oauth2RedirectUriService.go:149.18,152.4 2 0
ApiGatewayAdminPortal/services/oauth2RedirectUriService.go:152.4,156.20 4 1
ApiGatewayAdminPortal/services/oauth2RedirectUriService.go:159.4,159.30 1 1
ApiGatewayAdminPortal/services/oauth2RedirectUriService.go:156.20,158.5 1 1
ApiGatewayAdminPortal/services/oauth2RoleUriService.go:59.67,64.16 4 1
ApiGatewayAdminPortal/services/oauth2RoleUriService.go:96.2,96.12 1 1
ApiGatewayAdminPortal/services/oauth2RoleUriService.go:64.16,66.3 1 0
ApiGatewayAdminPortal/services/oauth2RoleUriService.go:66.3,68.18 2 1
ApiGatewayAdminPortal/services/oauth2RoleUriService.go:68.18,71.4 2 0
ApiGatewayAdminPortal/services/oauth2RoleUriService.go:71.4,80.19 7 1
ApiGatewayAdminPortal/services/oauth2RoleUriService.go:80.19,83.5 2 0
ApiGatewayAdminPortal/services/oauth2RoleUriService.go:83.5,89.21 4 1
ApiGatewayAdminPortal/services/oauth2RoleUriService.go:92.5,92.31 1 1
ApiGatewayAdminPortal/services/oauth2RoleUriService.go:89.21,91.6 1 1
ApiGatewayAdminPortal/services/oauth2RoleUriService.go:100.64,105.17 4 1
ApiGatewayAdminPortal/services/oauth2RoleUriService.go:128.2,128.13 1 1
ApiGatewayAdminPortal/services/oauth2RoleUriService.go:105.17,108.3 2 0
ApiGatewayAdminPortal/services/oauth2RoleUriService.go:108.3,115.18 6 1
ApiGatewayAdminPortal/services/oauth2RoleUriService.go:115.18,118.4 2 0
ApiGatewayAdminPortal/services/oauth2RoleUriService.go:118.4,123.20 4 1
ApiGatewayAdminPortal/services/oauth2RoleUriService.go:123.20,125.5 1 1
ApiGatewayAdminPortal/services/oauth2RoleUriService.go:132.70,137.16 4 1
ApiGatewayAdminPortal/services/oauth2RoleUriService.go:169.2,169.12 1 1
ApiGatewayAdminPortal/services/oauth2RoleUriService.go:137.16,139.3 1 0
ApiGatewayAdminPortal/services/oauth2RoleUriService.go:139.3,141.18 2 1
ApiGatewayAdminPortal/services/oauth2RoleUriService.go:141.18,144.4 2 0
ApiGatewayAdminPortal/services/oauth2RoleUriService.go:144.4,153.19 7 1
ApiGatewayAdminPortal/services/oauth2RoleUriService.go:153.19,156.5 2 0
ApiGatewayAdminPortal/services/oauth2RoleUriService.go:156.5,162.21 4 1
ApiGatewayAdminPortal/services/oauth2RoleUriService.go:165.5,165.31 1 1
ApiGatewayAdminPortal/services/oauth2RoleUriService.go:162.21,164.6 1 1
ApiGatewayAdminPortal/services/apiGatewayClientService.go:63.82,68.16 4 1
ApiGatewayAdminPortal/services/apiGatewayClientService.go:100.2,100.12 1 1
ApiGatewayAdminPortal/services/apiGatewayClientService.go:68.16,70.3 1 0
ApiGatewayAdminPortal/services/apiGatewayClientService.go:70.3,72.18 2 1
ApiGatewayAdminPortal/services/apiGatewayClientService.go:72.18,75.4 2 0
ApiGatewayAdminPortal/services/apiGatewayClientService.go:75.4,84.19 7 1
ApiGatewayAdminPortal/services/apiGatewayClientService.go:84.19,87.5 2 0
ApiGatewayAdminPortal/services/apiGatewayClientService.go:87.5,93.21 4 1
ApiGatewayAdminPortal/services/apiGatewayClientService.go:96.5,96.31 1 1
ApiGatewayAdminPortal/services/apiGatewayClientService.go:93.21,95.6 1 1
ApiGatewayAdminPortal/services/apiGatewayClientService.go:104.85,110.16 4 1
ApiGatewayAdminPortal/services/apiGatewayClientService.go:140.2,140.12 1 1
ApiGatewayAdminPortal/services/apiGatewayClientService.go:110.16,112.3 1 0
ApiGatewayAdminPortal/services/apiGatewayClientService.go:112.3,114.18 2 1
ApiGatewayAdminPortal/services/apiGatewayClientService.go:114.18,117.4 2 0
ApiGatewayAdminPortal/services/apiGatewayClientService.go:117.4,126.19 7 1
ApiGatewayAdminPortal/services/apiGatewayClientService.go:126.19,129.5 2 0
ApiGatewayAdminPortal/services/apiGatewayClientService.go:129.5,133.21 4 1
ApiGatewayAdminPortal/services/apiGatewayClientService.go:136.5,136.31 1 1
ApiGatewayAdminPortal/services/apiGatewayClientService.go:133.21,135.6 1 1
ApiGatewayAdminPortal/services/apiGatewayClientService.go:144.74,149.17 4 1
ApiGatewayAdminPortal/services/apiGatewayClientService.go:170.2,170.12 1 1
ApiGatewayAdminPortal/services/apiGatewayClientService.go:149.17,152.3 2 0
ApiGatewayAdminPortal/services/apiGatewayClientService.go:152.3,158.18 6 1
ApiGatewayAdminPortal/services/apiGatewayClientService.go:158.18,161.4 2 0
ApiGatewayAdminPortal/services/apiGatewayClientService.go:161.4,165.20 4 1
ApiGatewayAdminPortal/services/apiGatewayClientService.go:165.20,167.5 1 1
ApiGatewayAdminPortal/services/apiGatewayClientService.go:174.65,179.17 4 1
ApiGatewayAdminPortal/services/apiGatewayClientService.go:200.2,200.13 1 1
ApiGatewayAdminPortal/services/apiGatewayClientService.go:179.17,182.3 2 0
ApiGatewayAdminPortal/services/apiGatewayClientService.go:182.3,188.18 6 1
ApiGatewayAdminPortal/services/apiGatewayClientService.go:188.18,191.4 2 0
ApiGatewayAdminPortal/services/apiGatewayClientService.go:191.4,195.20 4 1
ApiGatewayAdminPortal/services/apiGatewayClientService.go:195.20,197.5 1 1
ApiGatewayAdminPortal/services/apiGatewayClientService.go:204.73,209.17 4 1
ApiGatewayAdminPortal/services/apiGatewayClientService.go:234.2,234.12 1 1
ApiGatewayAdminPortal/services/apiGatewayClientService.go:209.17,212.3 2 0
ApiGatewayAdminPortal/services/apiGatewayClientService.go:212.3,221.18 7 1
ApiGatewayAdminPortal/services/apiGatewayClientService.go:221.18,224.4 2 0
ApiGatewayAdminPortal/services/apiGatewayClientService.go:224.4,228.20 4 1
ApiGatewayAdminPortal/services/apiGatewayClientService.go:231.4,231.30 1 1
ApiGatewayAdminPortal/services/apiGatewayClientService.go:228.20,230.5 1 1
ApiGatewayAdminPortal/services/apiGatewayPerformanceService.go:59.103,64.16 4 1
ApiGatewayAdminPortal/services/apiGatewayPerformanceService.go:95.2,95.13 1 1
ApiGatewayAdminPortal/services/apiGatewayPerformanceService.go:64.16,66.3 1 0
ApiGatewayAdminPortal/services/apiGatewayPerformanceService.go:66.3,68.18 2 1
ApiGatewayAdminPortal/services/apiGatewayPerformanceService.go:68.18,71.4 2 0
ApiGatewayAdminPortal/services/apiGatewayPerformanceService.go:71.4,80.19 7 1
ApiGatewayAdminPortal/services/apiGatewayPerformanceService.go:80.19,83.5 2 0
ApiGatewayAdminPortal/services/apiGatewayPerformanceService.go:83.5,89.21 4 1
ApiGatewayAdminPortal/services/apiGatewayPerformanceService.go:89.21,91.6 1 1
ApiGatewayAdminPortal/services/oauth2GrantTypeService.go:61.75,66.16 4 1
ApiGatewayAdminPortal/services/oauth2GrantTypeService.go:98.2,98.12 1 1
ApiGatewayAdminPortal/services/oauth2GrantTypeService.go:66.16,68.3 1 0
ApiGatewayAdminPortal/services/oauth2GrantTypeService.go:68.3,70.18 2 1
ApiGatewayAdminPortal/services/oauth2GrantTypeService.go:70.18,73.4 2 0
ApiGatewayAdminPortal/services/oauth2GrantTypeService.go:73.4,82.19 7 1
ApiGatewayAdminPortal/services/oauth2GrantTypeService.go:82.19,85.5 2 0
ApiGatewayAdminPortal/services/oauth2GrantTypeService.go:85.5,91.21 4 1
ApiGatewayAdminPortal/services/oauth2GrantTypeService.go:94.5,94.31 1 1
ApiGatewayAdminPortal/services/oauth2GrantTypeService.go:91.21,93.6 1 1
ApiGatewayAdminPortal/services/oauth2GrantTypeService.go:102.75,107.17 4 1
ApiGatewayAdminPortal/services/oauth2GrantTypeService.go:128.2,128.13 1 1
ApiGatewayAdminPortal/services/oauth2GrantTypeService.go:107.17,110.3 2 0
ApiGatewayAdminPortal/services/oauth2GrantTypeService.go:110.3,116.18 6 1
ApiGatewayAdminPortal/services/oauth2GrantTypeService.go:116.18,119.4 2 0
ApiGatewayAdminPortal/services/oauth2GrantTypeService.go:119.4,123.20 4 1
ApiGatewayAdminPortal/services/oauth2GrantTypeService.go:123.20,125.5 1 1
ApiGatewayAdminPortal/services/oauth2GrantTypeService.go:132.74,137.17 4 1
ApiGatewayAdminPortal/services/oauth2GrantTypeService.go:162.2,162.12 1 1
ApiGatewayAdminPortal/services/oauth2GrantTypeService.go:137.17,140.3 2 0
ApiGatewayAdminPortal/services/oauth2GrantTypeService.go:140.3,149.18 7 1
ApiGatewayAdminPortal/services/oauth2GrantTypeService.go:149.18,152.4 2 0
ApiGatewayAdminPortal/services/oauth2GrantTypeService.go:152.4,156.20 4 1
ApiGatewayAdminPortal/services/oauth2GrantTypeService.go:159.4,159.30 1 1
ApiGatewayAdminPortal/services/oauth2GrantTypeService.go:156.20,158.5 1 1
